c:\users\andrey\~\myfirstgame\matchthree\cocos2d\cocos\editor-support\spine\proj.win32\release.win32\meshattachment.obj
c:\users\andrey\~\myfirstgame\matchthree\cocos2d\cocos\editor-support\spine\proj.win32\release.win32\json.obj
c:\users\andrey\~\myfirstgame\matchthree\cocos2d\cocos\editor-support\spine\proj.win32\release.win32\ikconstraintdata.obj
c:\users\andrey\~\myfirstgame\matchthree\cocos2d\cocos\editor-support\spine\proj.win32\release.win32\ikconstraint.obj
c:\users\andrey\~\myfirstgame\matchthree\cocos2d\cocos\editor-support\spine\proj.win32\release.win32\extension.obj
c:\users\andrey\~\myfirstgame\matchthree\cocos2d\cocos\editor-support\spine\proj.win32\release.win32\eventdata.obj
c:\users\andrey\~\myfirstgame\matchthree\cocos2d\cocos\editor-support\spine\proj.win32\release.win32\event.obj
c:\users\andrey\~\myfirstgame\matchthree\cocos2d\cocos\editor-support\spine\proj.win32\release.win32\color.obj
c:\users\andrey\~\myfirstgame\matchthree\cocos2d\cocos\editor-support\spine\proj.win32\release.win32\clippingattachment.obj
c:\users\andrey\~\myfirstgame\matchthree\cocos2d\cocos\editor-support\spine\proj.win32\release.win32\boundingboxattachment.obj
c:\users\andrey\~\myfirstgame\matchthree\cocos2d\cocos\editor-support\spine\proj.win32\release.win32\bonedata.obj
c:\users\andrey\~\myfirstgame\matchthree\cocos2d\cocos\editor-support\spine\proj.win32\release.win32\bone.obj
c:\users\andrey\~\myfirstgame\matchthree\cocos2d\cocos\editor-support\spine\proj.win32\release.win32\attachmentloader.obj
c:\users\andrey\~\myfirstgame\matchthree\cocos2d\cocos\editor-support\spine\proj.win32\release.win32\attachment.obj
c:\users\andrey\~\myfirstgame\matchthree\cocos2d\cocos\editor-support\spine\proj.win32\release.win32\atlasattachmentloader.obj
c:\users\andrey\~\myfirstgame\matchthree\cocos2d\cocos\editor-support\spine\proj.win32\release.win32\atlas.obj
c:\users\andrey\~\myfirstgame\matchthree\cocos2d\cocos\editor-support\spine\proj.win32\release.win32\array.obj
c:\users\andrey\~\myfirstgame\matchthree\cocos2d\cocos\editor-support\spine\proj.win32\release.win32\animationstatedata.obj
c:\users\andrey\~\myfirstgame\matchthree\cocos2d\cocos\editor-support\spine\proj.win32\release.win32\animationstate.obj
c:\users\andrey\~\myfirstgame\matchthree\cocos2d\cocos\editor-support\spine\proj.win32\release.win32\animation.obj
c:\users\andrey\~\myfirstgame\matchthree\cocos2d\cocos\editor-support\spine\proj.win32\release.win32\vertexeffect.obj
c:\users\andrey\~\myfirstgame\matchthree\cocos2d\cocos\editor-support\spine\proj.win32\release.win32\vertexattachment.obj
c:\users\andrey\~\myfirstgame\matchthree\cocos2d\cocos\editor-support\spine\proj.win32\release.win32\triangulator.obj
c:\users\andrey\~\myfirstgame\matchthree\cocos2d\cocos\editor-support\spine\proj.win32\release.win32\transformconstraintdata.obj
c:\users\andrey\~\myfirstgame\matchthree\cocos2d\cocos\editor-support\spine\proj.win32\release.win32\transformconstraint.obj
c:\users\andrey\~\myfirstgame\matchthree\cocos2d\cocos\editor-support\spine\proj.win32\release.win32\slotdata.obj
c:\users\andrey\~\myfirstgame\matchthree\cocos2d\cocos\editor-support\spine\proj.win32\release.win32\slot.obj
c:\users\andrey\~\myfirstgame\matchthree\cocos2d\cocos\editor-support\spine\proj.win32\release.win32\skin.obj
c:\users\andrey\~\myfirstgame\matchthree\cocos2d\cocos\editor-support\spine\proj.win32\release.win32\skeletonjson.obj
c:\users\andrey\~\myfirstgame\matchthree\cocos2d\cocos\editor-support\spine\proj.win32\release.win32\skeletondata.obj
c:\users\andrey\~\myfirstgame\matchthree\cocos2d\cocos\editor-support\spine\proj.win32\release.win32\skeletonclipping.obj
c:\users\andrey\~\myfirstgame\matchthree\cocos2d\cocos\editor-support\spine\proj.win32\release.win32\skeletonbounds.obj
c:\users\andrey\~\myfirstgame\matchthree\cocos2d\cocos\editor-support\spine\proj.win32\release.win32\skeletonbinary.obj
c:\users\andrey\~\myfirstgame\matchthree\cocos2d\cocos\editor-support\spine\proj.win32\release.win32\skeleton.obj
c:\users\andrey\~\myfirstgame\matchthree\cocos2d\cocos\editor-support\spine\proj.win32\release.win32\regionattachment.obj
c:\users\andrey\~\myfirstgame\matchthree\cocos2d\cocos\editor-support\spine\proj.win32\release.win32\pointattachment.obj
c:\users\andrey\~\myfirstgame\matchthree\cocos2d\cocos\editor-support\spine\proj.win32\release.win32\pathconstraintdata.obj
c:\users\andrey\~\myfirstgame\matchthree\cocos2d\cocos\editor-support\spine\proj.win32\release.win32\pathconstraint.obj
c:\users\andrey\~\myfirstgame\matchthree\cocos2d\cocos\editor-support\spine\proj.win32\release.win32\pathattachment.obj
c:\users\andrey\~\myfirstgame\matchthree\cocos2d\cocos\editor-support\spine\proj.win32\release.win32\spine-cocos2dx.obj
c:\users\andrey\~\myfirstgame\matchthree\cocos2d\cocos\editor-support\spine\proj.win32\release.win32\skeletontwocolorbatch.obj
c:\users\andrey\~\myfirstgame\matchthree\cocos2d\cocos\editor-support\spine\proj.win32\release.win32\skeletonrenderer.obj
c:\users\andrey\~\myfirstgame\matchthree\cocos2d\cocos\editor-support\spine\proj.win32\release.win32\skeletonbatch.obj
c:\users\andrey\~\myfirstgame\matchthree\cocos2d\cocos\editor-support\spine\proj.win32\release.win32\skeletonanimation.obj
c:\users\andrey\~\myfirstgame\matchthree\cocos2d\cocos\editor-support\spine\proj.win32\release.win32\cocos2dattachmentloader.obj
c:\users\andrey\~\myfirstgame\matchthree\cocos2d\cocos\editor-support\spine\proj.win32\release.win32\attachmentvertices.obj
c:\users\andrey\~\myfirstgame\matchthree\proj.win32\release.win32\libspine.lib
c:\users\andrey\~\myfirstgame\matchthree\cocos2d\cocos\editor-support\spine\proj.win32\release.win32\libspine.tlog\cl.command.1.tlog
c:\users\andrey\~\myfirstgame\matchthree\cocos2d\cocos\editor-support\spine\proj.win32\release.win32\libspine.tlog\cl.read.1.tlog
c:\users\andrey\~\myfirstgame\matchthree\cocos2d\cocos\editor-support\spine\proj.win32\release.win32\libspine.tlog\cl.write.1.tlog
c:\users\andrey\~\myfirstgame\matchthree\cocos2d\cocos\editor-support\spine\proj.win32\release.win32\libspine.tlog\lib-link.read.1.tlog
c:\users\andrey\~\myfirstgame\matchthree\cocos2d\cocos\editor-support\spine\proj.win32\release.win32\libspine.tlog\lib-link.write.1.tlog
c:\users\andrey\~\myfirstgame\matchthree\cocos2d\cocos\editor-support\spine\proj.win32\release.win32\libspine.tlog\lib.command.1.tlog
